<?xml version="1.0" encoding="UTF-8" ?>
<testsuite tests="4" failures="0" name="rpg.GameManagerTest" time="0.501" errors="0" skipped="0">
  <properties>
[...]
</properties>
  <testcase classname="rpg.GameManagerTest" name="testMoveToEnemy" time="0.369"/>
  <testcase classname="rpg.GameManagerTest" name="testGameOver" time="0.08"/>
  <testcase classname="rpg.GameManagerTest" name="testPlayerMoveToDoor" time="0.032"/>
  <testcase classname="rpg.GameManagerTest" name="testStartThread" time="0.02"/>
</testsuite>