<?xml version="1.0" encoding="UTF-8" ?>
<testsuite tests="4" failures="0" name="rpg.GameManagerTest" time="0.47" errors="0" skipped="0">
  <properties>
[...]
</properties>
  <testcase classname="rpg.GameManagerTest" name="testMoveToEnemy" time="0.349"/>
  <testcase classname="rpg.GameManagerTest" name="testGameOver" time="0.073"/>
  <testcase classname="rpg.GameManagerTest" name="testPlayerMoveToDoor" time="0.029"/>
  <testcase classname="rpg.GameManagerTest" name="testStartThread" time="0.019"/>
</testsuite>